  Experimenting_sdk.cpp
C:\Users\falk1\OneDrive\Documents\AAU\Github stuff\RoboticsP3_366\Local\Trying\Include\dynamixel_sdk\group_bulk_read.h(43,43): warning C4251: 'dynamixel::GroupBulkRead::id_list_': class 'std::vector<uint8_t,std::allocator<uint8_t>>' needs to have dll-interface to be used by clients of class 'dynamixel::GroupBulkRead'
C:\Users\falk1\OneDrive\Documents\AAU\Github stuff\RoboticsP3_366\Local\Trying\Include\dynamixel_sdk\packet_handler.h(205): message : see declaration of 'std::vector<uint8_t,std::allocator<uint8_t>>'
C:\Users\falk1\OneDrive\Documents\AAU\Github stuff\RoboticsP3_366\Local\Trying\Include\dynamixel_sdk\group_bulk_read.h(44,48): warning C4251: 'dynamixel::GroupBulkRead::address_list_': class 'std::map<uint8_t,uint16_t,std::less<uint8_t>,std::allocator<std::pair<const uint8_t,uint16_t>>>' needs to have dll-interface to be used by clients of class 'dynamixel::GroupBulkRead'
C:\Users\falk1\OneDrive\Documents\AAU\Github stuff\RoboticsP3_366\Local\Trying\Include\dynamixel_sdk\group_bulk_read.h(44): message : see declaration of 'std::map<uint8_t,uint16_t,std::less<uint8_t>,std::allocator<std::pair<const uint8_t,uint16_t>>>'
C:\Users\falk1\OneDrive\Documents\AAU\Github stuff\RoboticsP3_366\Local\Trying\Include\dynamixel_sdk\group_bulk_read.h(45,47): warning C4251: 'dynamixel::GroupBulkRead::length_list_': class 'std::map<uint8_t,uint16_t,std::less<uint8_t>,std::allocator<std::pair<const uint8_t,uint16_t>>>' needs to have dll-interface to be used by clients of class 'dynamixel::GroupBulkRead'
C:\Users\falk1\OneDrive\Documents\AAU\Github stuff\RoboticsP3_366\Local\Trying\Include\dynamixel_sdk\group_bulk_read.h(44): message : see declaration of 'std::map<uint8_t,uint16_t,std::less<uint8_t>,std::allocator<std::pair<const uint8_t,uint16_t>>>'
C:\Users\falk1\OneDrive\Documents\AAU\Github stuff\RoboticsP3_366\Local\Trying\Include\dynamixel_sdk\group_bulk_read.h(46,45): warning C4251: 'dynamixel::GroupBulkRead::data_list_': class 'std::map<uint8_t,uint8_t *,std::less<uint8_t>,std::allocator<std::pair<const uint8_t,uint8_t *>>>' needs to have dll-interface to be used by clients of class 'dynamixel::GroupBulkRead'
C:\Users\falk1\OneDrive\Documents\AAU\Github stuff\RoboticsP3_366\Local\Trying\Include\dynamixel_sdk\group_bulk_read.h(46): message : see declaration of 'std::map<uint8_t,uint8_t *,std::less<uint8_t>,std::allocator<std::pair<const uint8_t,uint8_t *>>>'
C:\Users\falk1\OneDrive\Documents\AAU\Github stuff\RoboticsP3_366\Local\Trying\Include\dynamixel_sdk\group_bulk_read.h(47,46): warning C4251: 'dynamixel::GroupBulkRead::error_list_': class 'std::map<uint8_t,uint8_t *,std::less<uint8_t>,std::allocator<std::pair<const uint8_t,uint8_t *>>>' needs to have dll-interface to be used by clients of class 'dynamixel::GroupBulkRead'
C:\Users\falk1\OneDrive\Documents\AAU\Github stuff\RoboticsP3_366\Local\Trying\Include\dynamixel_sdk\group_bulk_read.h(46): message : see declaration of 'std::map<uint8_t,uint8_t *,std::less<uint8_t>,std::allocator<std::pair<const uint8_t,uint8_t *>>>'
C:\Users\falk1\OneDrive\Documents\AAU\Github stuff\RoboticsP3_366\Local\Trying\Include\dynamixel_sdk\group_bulk_write.h(43,43): warning C4251: 'dynamixel::GroupBulkWrite::id_list_': class 'std::vector<uint8_t,std::allocator<uint8_t>>' needs to have dll-interface to be used by clients of class 'dynamixel::GroupBulkWrite'
C:\Users\falk1\OneDrive\Documents\AAU\Github stuff\RoboticsP3_366\Local\Trying\Include\dynamixel_sdk\packet_handler.h(205): message : see declaration of 'std::vector<uint8_t,std::allocator<uint8_t>>'
C:\Users\falk1\OneDrive\Documents\AAU\Github stuff\RoboticsP3_366\Local\Trying\Include\dynamixel_sdk\group_bulk_write.h(44,48): warning C4251: 'dynamixel::GroupBulkWrite::address_list_': class 'std::map<uint8_t,uint16_t,std::less<uint8_t>,std::allocator<std::pair<const uint8_t,uint16_t>>>' needs to have dll-interface to be used by clients of class 'dynamixel::GroupBulkWrite'
C:\Users\falk1\OneDrive\Documents\AAU\Github stuff\RoboticsP3_366\Local\Trying\Include\dynamixel_sdk\group_bulk_read.h(44): message : see declaration of 'std::map<uint8_t,uint16_t,std::less<uint8_t>,std::allocator<std::pair<const uint8_t,uint16_t>>>'
C:\Users\falk1\OneDrive\Documents\AAU\Github stuff\RoboticsP3_366\Local\Trying\Include\dynamixel_sdk\group_bulk_write.h(45,47): warning C4251: 'dynamixel::GroupBulkWrite::length_list_': class 'std::map<uint8_t,uint16_t,std::less<uint8_t>,std::allocator<std::pair<const uint8_t,uint16_t>>>' needs to have dll-interface to be used by clients of class 'dynamixel::GroupBulkWrite'
C:\Users\falk1\OneDrive\Documents\AAU\Github stuff\RoboticsP3_366\Local\Trying\Include\dynamixel_sdk\group_bulk_read.h(44): message : see declaration of 'std::map<uint8_t,uint16_t,std::less<uint8_t>,std::allocator<std::pair<const uint8_t,uint16_t>>>'
C:\Users\falk1\OneDrive\Documents\AAU\Github stuff\RoboticsP3_366\Local\Trying\Include\dynamixel_sdk\group_bulk_write.h(46,45): warning C4251: 'dynamixel::GroupBulkWrite::data_list_': class 'std::map<uint8_t,uint8_t *,std::less<uint8_t>,std::allocator<std::pair<const uint8_t,uint8_t *>>>' needs to have dll-interface to be used by clients of class 'dynamixel::GroupBulkWrite'
C:\Users\falk1\OneDrive\Documents\AAU\Github stuff\RoboticsP3_366\Local\Trying\Include\dynamixel_sdk\group_bulk_read.h(46): message : see declaration of 'std::map<uint8_t,uint8_t *,std::less<uint8_t>,std::allocator<std::pair<const uint8_t,uint8_t *>>>'
C:\Users\falk1\OneDrive\Documents\AAU\Github stuff\RoboticsP3_366\Local\Trying\Include\dynamixel_sdk\group_sync_read.h(43,43): warning C4251: 'dynamixel::GroupSyncRead::id_list_': class 'std::vector<uint8_t,std::allocator<uint8_t>>' needs to have dll-interface to be used by clients of class 'dynamixel::GroupSyncRead'
C:\Users\falk1\OneDrive\Documents\AAU\Github stuff\RoboticsP3_366\Local\Trying\Include\dynamixel_sdk\packet_handler.h(205): message : see declaration of 'std::vector<uint8_t,std::allocator<uint8_t>>'
C:\Users\falk1\OneDrive\Documents\AAU\Github stuff\RoboticsP3_366\Local\Trying\Include\dynamixel_sdk\group_sync_read.h(44,45): warning C4251: 'dynamixel::GroupSyncRead::data_list_': class 'std::map<uint8_t,uint8_t *,std::less<uint8_t>,std::allocator<std::pair<const uint8_t,uint8_t *>>>' needs to have dll-interface to be used by clients of class 'dynamixel::GroupSyncRead'
C:\Users\falk1\OneDrive\Documents\AAU\Github stuff\RoboticsP3_366\Local\Trying\Include\dynamixel_sdk\group_bulk_read.h(46): message : see declaration of 'std::map<uint8_t,uint8_t *,std::less<uint8_t>,std::allocator<std::pair<const uint8_t,uint8_t *>>>'
C:\Users\falk1\OneDrive\Documents\AAU\Github stuff\RoboticsP3_366\Local\Trying\Include\dynamixel_sdk\group_sync_read.h(45,46): warning C4251: 'dynamixel::GroupSyncRead::error_list_': class 'std::map<uint8_t,uint8_t *,std::less<uint8_t>,std::allocator<std::pair<const uint8_t,uint8_t *>>>' needs to have dll-interface to be used by clients of class 'dynamixel::GroupSyncRead'
C:\Users\falk1\OneDrive\Documents\AAU\Github stuff\RoboticsP3_366\Local\Trying\Include\dynamixel_sdk\group_bulk_read.h(46): message : see declaration of 'std::map<uint8_t,uint8_t *,std::less<uint8_t>,std::allocator<std::pair<const uint8_t,uint8_t *>>>'
C:\Users\falk1\OneDrive\Documents\AAU\Github stuff\RoboticsP3_366\Local\Trying\Include\dynamixel_sdk\group_sync_write.h(43,43): warning C4251: 'dynamixel::GroupSyncWrite::id_list_': class 'std::vector<uint8_t,std::allocator<uint8_t>>' needs to have dll-interface to be used by clients of class 'dynamixel::GroupSyncWrite'
C:\Users\falk1\OneDrive\Documents\AAU\Github stuff\RoboticsP3_366\Local\Trying\Include\dynamixel_sdk\packet_handler.h(205): message : see declaration of 'std::vector<uint8_t,std::allocator<uint8_t>>'
C:\Users\falk1\OneDrive\Documents\AAU\Github stuff\RoboticsP3_366\Local\Trying\Include\dynamixel_sdk\group_sync_write.h(44,45): warning C4251: 'dynamixel::GroupSyncWrite::data_list_': class 'std::map<uint8_t,uint8_t *,std::less<uint8_t>,std::allocator<std::pair<const uint8_t,uint8_t *>>>' needs to have dll-interface to be used by clients of class 'dynamixel::GroupSyncWrite'
C:\Users\falk1\OneDrive\Documents\AAU\Github stuff\RoboticsP3_366\Local\Trying\Include\dynamixel_sdk\group_bulk_read.h(46): message : see declaration of 'std::map<uint8_t,uint8_t *,std::less<uint8_t>,std::allocator<std::pair<const uint8_t,uint8_t *>>>'
  Trying.vcxproj -> C:\Users\falk1\OneDrive\Documents\AAU\Github stuff\RoboticsP3_366\Local\Trying\Debug\Trying.exe
