  read_write.cpp
C:\Users\falk1\OneDrive\Documents\AAU\Github stuff\RoboticsP3_366\myo-sdk-win-0.9.0 - For tests\include\myo\cxx\detail\ThrowOnError.hpp(40,1): warning C4297: 'myo::ThrowOnError::~ThrowOnError': function assumed not to throw an exception but does
C:\Users\falk1\OneDrive\Documents\AAU\Github stuff\RoboticsP3_366\myo-sdk-win-0.9.0 - For tests\include\myo\cxx\detail\ThrowOnError.hpp(40,1): message : destructor or deallocator has a (possibly implicit) non-throwing exception specification
C:\Users\falk1\OneDrive\Documents\AAU\Github stuff\RoboticsP3_366\myo-sdk-win-0.9.0 - For tests\include\myo\cxx\detail\ThrowOnError.hpp(46,1): warning C4297: 'myo::ThrowOnError::~ThrowOnError': function assumed not to throw an exception but does
C:\Users\falk1\OneDrive\Documents\AAU\Github stuff\RoboticsP3_366\myo-sdk-win-0.9.0 - For tests\include\myo\cxx\detail\ThrowOnError.hpp(46,1): message : destructor or deallocator has a (possibly implicit) non-throwing exception specification
C:\Users\falk1\OneDrive\Documents\AAU\Github stuff\RoboticsP3_366\DynamixelSDK-3.7.31\c++\include\dynamixel_sdk\group_bulk_read.h(46,43): warning C4251: 'dynamixel::GroupBulkRead::id_list_': class 'std::vector<uint8_t,std::allocator<uint8_t>>' needs to have dll-interface to be used by clients of class 'dynamixel::GroupBulkRead'
C:\Users\falk1\OneDrive\Documents\AAU\Github stuff\RoboticsP3_366\DynamixelSDK-3.7.31\c++\include\dynamixel_sdk\packet_handler.h(207): message : see declaration of 'std::vector<uint8_t,std::allocator<uint8_t>>'
C:\Users\falk1\OneDrive\Documents\AAU\Github stuff\RoboticsP3_366\DynamixelSDK-3.7.31\c++\include\dynamixel_sdk\group_bulk_read.h(47,48): warning C4251: 'dynamixel::GroupBulkRead::address_list_': class 'std::map<uint8_t,uint16_t,std::less<uint8_t>,std::allocator<std::pair<const uint8_t,uint16_t>>>' needs to have dll-interface to be used by clients of class 'dynamixel::GroupBulkRead'
C:\Users\falk1\OneDrive\Documents\AAU\Github stuff\RoboticsP3_366\DynamixelSDK-3.7.31\c++\include\dynamixel_sdk\group_bulk_read.h(47): message : see declaration of 'std::map<uint8_t,uint16_t,std::less<uint8_t>,std::allocator<std::pair<const uint8_t,uint16_t>>>'
C:\Users\falk1\OneDrive\Documents\AAU\Github stuff\RoboticsP3_366\DynamixelSDK-3.7.31\c++\include\dynamixel_sdk\group_bulk_read.h(48,47): warning C4251: 'dynamixel::GroupBulkRead::length_list_': class 'std::map<uint8_t,uint16_t,std::less<uint8_t>,std::allocator<std::pair<const uint8_t,uint16_t>>>' needs to have dll-interface to be used by clients of class 'dynamixel::GroupBulkRead'
C:\Users\falk1\OneDrive\Documents\AAU\Github stuff\RoboticsP3_366\DynamixelSDK-3.7.31\c++\include\dynamixel_sdk\group_bulk_read.h(47): message : see declaration of 'std::map<uint8_t,uint16_t,std::less<uint8_t>,std::allocator<std::pair<const uint8_t,uint16_t>>>'
C:\Users\falk1\OneDrive\Documents\AAU\Github stuff\RoboticsP3_366\DynamixelSDK-3.7.31\c++\include\dynamixel_sdk\group_bulk_read.h(49,45): warning C4251: 'dynamixel::GroupBulkRead::data_list_': class 'std::map<uint8_t,uint8_t *,std::less<uint8_t>,std::allocator<std::pair<const uint8_t,uint8_t *>>>' needs to have dll-interface to be used by clients of class 'dynamixel::GroupBulkRead'
C:\Users\falk1\OneDrive\Documents\AAU\Github stuff\RoboticsP3_366\DynamixelSDK-3.7.31\c++\include\dynamixel_sdk\group_bulk_read.h(49): message : see declaration of 'std::map<uint8_t,uint8_t *,std::less<uint8_t>,std::allocator<std::pair<const uint8_t,uint8_t *>>>'
C:\Users\falk1\OneDrive\Documents\AAU\Github stuff\RoboticsP3_366\DynamixelSDK-3.7.31\c++\include\dynamixel_sdk\group_bulk_read.h(50,46): warning C4251: 'dynamixel::GroupBulkRead::error_list_': class 'std::map<uint8_t,uint8_t *,std::less<uint8_t>,std::allocator<std::pair<const uint8_t,uint8_t *>>>' needs to have dll-interface to be used by clients of class 'dynamixel::GroupBulkRead'
C:\Users\falk1\OneDrive\Documents\AAU\Github stuff\RoboticsP3_366\DynamixelSDK-3.7.31\c++\include\dynamixel_sdk\group_bulk_read.h(49): message : see declaration of 'std::map<uint8_t,uint8_t *,std::less<uint8_t>,std::allocator<std::pair<const uint8_t,uint8_t *>>>'
C:\Users\falk1\OneDrive\Documents\AAU\Github stuff\RoboticsP3_366\DynamixelSDK-3.7.31\c++\include\dynamixel_sdk\group_bulk_write.h(46,43): warning C4251: 'dynamixel::GroupBulkWrite::id_list_': class 'std::vector<uint8_t,std::allocator<uint8_t>>' needs to have dll-interface to be used by clients of class 'dynamixel::GroupBulkWrite'
C:\Users\falk1\OneDrive\Documents\AAU\Github stuff\RoboticsP3_366\DynamixelSDK-3.7.31\c++\include\dynamixel_sdk\packet_handler.h(207): message : see declaration of 'std::vector<uint8_t,std::allocator<uint8_t>>'
C:\Users\falk1\OneDrive\Documents\AAU\Github stuff\RoboticsP3_366\DynamixelSDK-3.7.31\c++\include\dynamixel_sdk\group_bulk_write.h(47,48): warning C4251: 'dynamixel::GroupBulkWrite::address_list_': class 'std::map<uint8_t,uint16_t,std::less<uint8_t>,std::allocator<std::pair<const uint8_t,uint16_t>>>' needs to have dll-interface to be used by clients of class 'dynamixel::GroupBulkWrite'
C:\Users\falk1\OneDrive\Documents\AAU\Github stuff\RoboticsP3_366\DynamixelSDK-3.7.31\c++\include\dynamixel_sdk\group_bulk_read.h(47): message : see declaration of 'std::map<uint8_t,uint16_t,std::less<uint8_t>,std::allocator<std::pair<const uint8_t,uint16_t>>>'
C:\Users\falk1\OneDrive\Documents\AAU\Github stuff\RoboticsP3_366\DynamixelSDK-3.7.31\c++\include\dynamixel_sdk\group_bulk_write.h(48,47): warning C4251: 'dynamixel::GroupBulkWrite::length_list_': class 'std::map<uint8_t,uint16_t,std::less<uint8_t>,std::allocator<std::pair<const uint8_t,uint16_t>>>' needs to have dll-interface to be used by clients of class 'dynamixel::GroupBulkWrite'
C:\Users\falk1\OneDrive\Documents\AAU\Github stuff\RoboticsP3_366\DynamixelSDK-3.7.31\c++\include\dynamixel_sdk\group_bulk_read.h(47): message : see declaration of 'std::map<uint8_t,uint16_t,std::less<uint8_t>,std::allocator<std::pair<const uint8_t,uint16_t>>>'
C:\Users\falk1\OneDrive\Documents\AAU\Github stuff\RoboticsP3_366\DynamixelSDK-3.7.31\c++\include\dynamixel_sdk\group_bulk_write.h(49,45): warning C4251: 'dynamixel::GroupBulkWrite::data_list_': class 'std::map<uint8_t,uint8_t *,std::less<uint8_t>,std::allocator<std::pair<const uint8_t,uint8_t *>>>' needs to have dll-interface to be used by clients of class 'dynamixel::GroupBulkWrite'
C:\Users\falk1\OneDrive\Documents\AAU\Github stuff\RoboticsP3_366\DynamixelSDK-3.7.31\c++\include\dynamixel_sdk\group_bulk_read.h(49): message : see declaration of 'std::map<uint8_t,uint8_t *,std::less<uint8_t>,std::allocator<std::pair<const uint8_t,uint8_t *>>>'
C:\Users\falk1\OneDrive\Documents\AAU\Github stuff\RoboticsP3_366\DynamixelSDK-3.7.31\c++\include\dynamixel_sdk\group_sync_read.h(46,43): warning C4251: 'dynamixel::GroupSyncRead::id_list_': class 'std::vector<uint8_t,std::allocator<uint8_t>>' needs to have dll-interface to be used by clients of class 'dynamixel::GroupSyncRead'
C:\Users\falk1\OneDrive\Documents\AAU\Github stuff\RoboticsP3_366\DynamixelSDK-3.7.31\c++\include\dynamixel_sdk\packet_handler.h(207): message : see declaration of 'std::vector<uint8_t,std::allocator<uint8_t>>'
C:\Users\falk1\OneDrive\Documents\AAU\Github stuff\RoboticsP3_366\DynamixelSDK-3.7.31\c++\include\dynamixel_sdk\group_sync_read.h(47,45): warning C4251: 'dynamixel::GroupSyncRead::data_list_': class 'std::map<uint8_t,uint8_t *,std::less<uint8_t>,std::allocator<std::pair<const uint8_t,uint8_t *>>>' needs to have dll-interface to be used by clients of class 'dynamixel::GroupSyncRead'
C:\Users\falk1\OneDrive\Documents\AAU\Github stuff\RoboticsP3_366\DynamixelSDK-3.7.31\c++\include\dynamixel_sdk\group_bulk_read.h(49): message : see declaration of 'std::map<uint8_t,uint8_t *,std::less<uint8_t>,std::allocator<std::pair<const uint8_t,uint8_t *>>>'
C:\Users\falk1\OneDrive\Documents\AAU\Github stuff\RoboticsP3_366\DynamixelSDK-3.7.31\c++\include\dynamixel_sdk\group_sync_read.h(48,46): warning C4251: 'dynamixel::GroupSyncRead::error_list_': class 'std::map<uint8_t,uint8_t *,std::less<uint8_t>,std::allocator<std::pair<const uint8_t,uint8_t *>>>' needs to have dll-interface to be used by clients of class 'dynamixel::GroupSyncRead'
C:\Users\falk1\OneDrive\Documents\AAU\Github stuff\RoboticsP3_366\DynamixelSDK-3.7.31\c++\include\dynamixel_sdk\group_bulk_read.h(49): message : see declaration of 'std::map<uint8_t,uint8_t *,std::less<uint8_t>,std::allocator<std::pair<const uint8_t,uint8_t *>>>'
C:\Users\falk1\OneDrive\Documents\AAU\Github stuff\RoboticsP3_366\DynamixelSDK-3.7.31\c++\include\dynamixel_sdk\group_sync_write.h(46,43): warning C4251: 'dynamixel::GroupSyncWrite::id_list_': class 'std::vector<uint8_t,std::allocator<uint8_t>>' needs to have dll-interface to be used by clients of class 'dynamixel::GroupSyncWrite'
C:\Users\falk1\OneDrive\Documents\AAU\Github stuff\RoboticsP3_366\DynamixelSDK-3.7.31\c++\include\dynamixel_sdk\packet_handler.h(207): message : see declaration of 'std::vector<uint8_t,std::allocator<uint8_t>>'
C:\Users\falk1\OneDrive\Documents\AAU\Github stuff\RoboticsP3_366\DynamixelSDK-3.7.31\c++\include\dynamixel_sdk\group_sync_write.h(47,45): warning C4251: 'dynamixel::GroupSyncWrite::data_list_': class 'std::map<uint8_t,uint8_t *,std::less<uint8_t>,std::allocator<std::pair<const uint8_t,uint8_t *>>>' needs to have dll-interface to be used by clients of class 'dynamixel::GroupSyncWrite'
C:\Users\falk1\OneDrive\Documents\AAU\Github stuff\RoboticsP3_366\DynamixelSDK-3.7.31\c++\include\dynamixel_sdk\group_bulk_read.h(49): message : see declaration of 'std::map<uint8_t,uint8_t *,std::less<uint8_t>,std::allocator<std::pair<const uint8_t,uint8_t *>>>'
read_write.obj : error LNK2001: unresolved external symbol __imp_libmyo_event_get_myo
read_write.obj : error LNK2001: unresolved external symbol __imp_libmyo_event_get_type
read_write.obj : error LNK2001: unresolved external symbol __imp_libmyo_event_get_accelerometer
read_write.obj : error LNK2001: unresolved external symbol __imp_libmyo_event_get_warmup_result
read_write.obj : error LNK2001: unresolved external symbol __imp_libmyo_event_get_pose
read_write.obj : error LNK2001: unresolved external symbol __imp_libmyo_event_get_gyroscope
read_write.obj : error LNK2001: unresolved external symbol __imp_libmyo_event_get_battery_level
read_write.obj : error LNK2001: unresolved external symbol __imp_libmyo_event_get_firmware_version
read_write.obj : error LNK2001: unresolved external symbol __imp_libmyo_free_error_details
read_write.obj : error LNK2001: unresolved external symbol __imp_libmyo_event_get_timestamp
read_write.obj : error LNK2001: unresolved external symbol __imp_libmyo_myo_notify_user_action
read_write.obj : error LNK2001: unresolved external symbol __imp_libmyo_event_get_orientation
read_write.obj : error LNK2001: unresolved external symbol __imp_libmyo_myo_unlock
read_write.obj : error LNK2001: unresolved external symbol __imp_libmyo_error_cstring
read_write.obj : error LNK2001: unresolved external symbol __imp_libmyo_error_kind
read_write.obj : error LNK2001: unresolved external symbol __imp_libmyo_event_get_arm
read_write.obj : error LNK2001: unresolved external symbol __imp_libmyo_event_get_emg
read_write.obj : error LNK2001: unresolved external symbol __imp_libmyo_run
read_write.obj : error LNK2001: unresolved external symbol __imp_libmyo_event_get_rotation_on_arm
read_write.obj : error LNK2001: unresolved external symbol __imp_libmyo_init_hub
read_write.obj : error LNK2001: unresolved external symbol __imp_libmyo_shutdown_hub
read_write.obj : error LNK2001: unresolved external symbol __imp_libmyo_event_get_warmup_state
read_write.obj : error LNK2001: unresolved external symbol __imp_libmyo_event_get_rssi
read_write.obj : error LNK2001: unresolved external symbol __imp_libmyo_event_get_x_direction
C:\Users\falk1\OneDrive\Documents\AAU\Github stuff\RoboticsP3_366\DynamixelSDK-3.7.31\c++\example\protocol2.0\read_write\win64 - Kopi\Release\read_write.exe : fatal error LNK1120: 24 unresolved externals
